cropannotate/build/intermediates/manifest_merge_blame_file/debug/manifest-merger-blame-debug-report.txt
1<?xml version="1.0" encoding="utf-8"?>
2<manifest xmlns:android="http://schemas.android.com/apk/res/android"
3    package="c.anurag.cropannotate"
4    android:versionCode="1"
5    android:versionName="1.0" >
6
7    <uses-sdk
8        android:minSdkVersion="21"
8-->src\main\AndroidManifest.xml
9        android:targetSdkVersion="30" />
9-->src\main\AndroidManifest.xml
10
11    <uses-permission android:name="android.permission.WRITE_EXTERNAL_STORAGE" />
11-->src\main\AndroidManifest.xml:4:5-81
11-->src\main\AndroidManifest.xml:4:22-78
12    <uses-permission android:name="android.permission.READ_EXTERNAL_STORAGE" />
12-->src\main\AndroidManifest.xml:5:5-80
12-->src\main\AndroidManifest.xml:5:22-77
13
14    <application android:label="@string/app_name" >
14-->src\main\AndroidManifest.xml:7:5-18:19
14-->src\main\AndroidManifest.xml:8:9-41
15        <activity
15-->src\main\AndroidManifest.xml:9:9-11:52
16            android:name="c.anurag.cropannotate.crop.activity.CropImageActivity"
16-->src\main\AndroidManifest.xml:10:13-60
17            android:screenOrientation="portrait" />
17-->src\main\AndroidManifest.xml:11:13-49
18        <activity
18-->src\main\AndroidManifest.xml:12:9-17:67
19            android:name="c.anurag.cropannotate.annotations.activity.PhotoEditorActivity"
19-->src\main\AndroidManifest.xml:13:13-69
20            android:configChanges="orientation|screenSize"
20-->src\main\AndroidManifest.xml:14:13-59
21            android:label="@string/app_name"
21-->src\main\AndroidManifest.xml:15:13-45
22            android:theme="@style/AppTheme.Base.NoActionBar"
22-->src\main\AndroidManifest.xml:16:13-61
23            android:windowSoftInputMode="stateHidden|adjustPan" />
23-->src\main\AndroidManifest.xml:17:13-64
24    </application>
25
26</manifest>